<?xml version="1.0" encoding="UTF-8"?>
<testsuite xmlns:xsi="http://www.w3.org/2001/XMLSchema-instance" xsi:noNamespaceSchemaLocation="https://maven.apache.org/surefire/maven-surefire-plugin/xsd/surefire-test-report.xsd" name="com.digitalacademy.customer.service.CustomerServiceTest" time="0.124" tests="8" errors="0" skipped="0" failures="0">
  <properties>
[...]
</properties>
  <testcase name="testDeleteCustomerFail" classname="com.digitalacademy.customer.service.CustomerServiceTest" time="0.01"/>
  <testcase name="getCustomerById" classname="com.digitalacademy.customer.service.CustomerServiceTest" time="0.003"/>
  <testcase name="testGetAllCustomer" classname="com.digitalacademy.customer.service.CustomerServiceTest" time="0.003"/>
  <testcase name="updateCustomerFail" classname="com.digitalacademy.customer.service.CustomerServiceTest" time="0.004"/>
  <testcase name="testUpdateCustomer" classname="com.digitalacademy.customer.service.CustomerServiceTest" time="0.003"/>
  <testcase name="testCreateCustomer" classname="com.digitalacademy.customer.service.CustomerServiceTest" time="0.003"/>
  <testcase name="getCustomerByName" classname="com.digitalacademy.customer.service.CustomerServiceTest" time="0.003"/>
  <testcase name="testDeleteCustomer" classname="com.digitalacademy.customer.service.CustomerServiceTest" time="0.004"/>
</testsuite>